<?xml version="1.0" encoding="UTF-8"?>
<!-- Generated by org.testng.reporters.JUnitXMLReporter -->
<testsuite ignored="0" hostname="DESKTOP-PES4CHD" failures="0" tests="6" name="Users and Products" time="0.103" errors="0" timestamp="2022-11-09T10:32:56 IST">
  <testcase classname="com.users.Users" name="createUser" time="0.006"/>
  <testcase classname="com.users.Users" name="deleteUser" time="0.002"/>
  <testcase classname="com.users.Users" name="modifyUser" time="0.003"/>
  <testcase classname="com.products.Products" name="createProduct" time="0.002"/>
  <testcase classname="com.products.Products" name="deleteProduct" time="0.005"/>
  <testcase classname="com.products.Products" name="modifyProduct" time="0.005"/>
</testsuite> <!-- Users and Products -->
