<?xml version="1.0" encoding="UTF-8"?>
<testng-results ignored="0" total="6" passed="6" failed="0" skipped="0">
  <reporter-output>
  </reporter-output>
  <suite started-at="2022-11-09T11:05:52 IST" name="Testcases" finished-at="2022-11-09T11:05:53 IST" duration-ms="169">
    <groups>
    </groups>
    <test started-at="2022-11-09T11:05:52 IST" name="users" finished-at="2022-11-09T11:05:52 IST" duration-ms="66">
      <class name="com.users.Users">
        <test-method is-config="true" signature="setUp()[pri:0, instance:com.users.Users@378542de]" started-at="2022-11-09T11:05:52 IST" name="setUp" finished-at="2022-11-09T11:05:52 IST" duration-ms="7" status="PASS">
          <reporter-output>
          </reporter-output>
        </test-method> <!-- setUp -->
        <test-method signature="createUser()[pri:0, instance:com.users.Users@378542de]" started-at="2022-11-09T11:05:52 IST" name="createUser" finished-at="2022-11-09T11:05:52 IST" duration-ms="5" status="PASS">
          <reporter-output>
          </reporter-output>
        </test-method> <!-- createUser -->
        <test-method signature="deleteUser()[pri:0, instance:com.users.Users@378542de]" started-at="2022-11-09T11:05:52 IST" name="deleteUser" finished-at="2022-11-09T11:05:52 IST" duration-ms="2" status="PASS">
          <reporter-output>
          </reporter-output>
        </test-method> <!-- deleteUser -->
        <test-method signature="modifyUser()[pri:0, instance:com.users.Users@378542de]" started-at="2022-11-09T11:05:52 IST" name="modifyUser" finished-at="2022-11-09T11:05:52 IST" duration-ms="1" status="PASS">
          <reporter-output>
          </reporter-output>
        </test-method> <!-- modifyUser -->
        <test-method is-config="true" signature="tearDown()[pri:0, instance:com.users.Users@378542de]" started-at="2022-11-09T11:05:52 IST" name="tearDown" finished-at="2022-11-09T11:05:52 IST" duration-ms="0" status="PASS">
          <reporter-output>
          </reporter-output>
        </test-method> <!-- tearDown -->
      </class> <!-- com.users.Users -->
    </test> <!-- users -->
    <test started-at="2022-11-09T11:05:53 IST" name="products" finished-at="2022-11-09T11:05:53 IST" duration-ms="15">
      <class name="com.products.Products">
        <test-method is-config="true" signature="setUp()[pri:0, instance:com.products.Products@101952da]" started-at="2022-11-09T11:05:53 IST" name="setUp" finished-at="2022-11-09T11:05:53 IST" duration-ms="1" status="PASS">
          <reporter-output>
          </reporter-output>
        </test-method> <!-- setUp -->
        <test-method signature="createProduct()[pri:0, instance:com.products.Products@101952da]" started-at="2022-11-09T11:05:53 IST" name="createProduct" finished-at="2022-11-09T11:05:53 IST" duration-ms="1" status="PASS">
          <reporter-output>
          </reporter-output>
        </test-method> <!-- createProduct -->
        <test-method signature="deleteProduct()[pri:0, instance:com.products.Products@101952da]" started-at="2022-11-09T11:05:53 IST" name="deleteProduct" finished-at="2022-11-09T11:05:53 IST" duration-ms="1" status="PASS">
          <reporter-output>
          </reporter-output>
        </test-method> <!-- deleteProduct -->
        <test-method signature="modifyProduct()[pri:0, instance:com.products.Products@101952da]" started-at="2022-11-09T11:05:53 IST" name="modifyProduct" finished-at="2022-11-09T11:05:53 IST" duration-ms="2" status="PASS">
          <reporter-output>
          </reporter-output>
        </test-method> <!-- modifyProduct -->
        <test-method is-config="true" signature="tearDown()[pri:0, instance:com.products.Products@101952da]" started-at="2022-11-09T11:05:53 IST" name="tearDown" finished-at="2022-11-09T11:05:53 IST" duration-ms="1" status="PASS">
          <reporter-output>
          </reporter-output>
        </test-method> <!-- tearDown -->
      </class> <!-- com.products.Products -->
    </test> <!-- products -->
  </suite> <!-- Testcases -->
</testng-results>
