<?xml version="1.0" encoding="UTF-8"?>
<!-- Generated by org.testng.reporters.JUnitXMLReporter -->
<testsuite ignored="0" hostname="DESKTOP-PES4CHD" failures="0" tests="3" name="Users" time="0.107" errors="0" timestamp="2022-11-09T10:59:33 IST">
  <testcase classname="com.usersandproducts.Parametes" name="createUser" time="0.008"/>
  <testcase classname="com.usersandproducts.Parametes" name="deleteUser" time="0.006"/>
  <testcase classname="com.usersandproducts.Parametes" name="modifyUser" time="0.005"/>
</testsuite> <!-- Users -->
