<?xml version="1.0" encoding="UTF-8"?>
<!-- Generated by org.testng.reporters.JUnitXMLReporter -->
<testsuite ignored="0" hostname="DESKTOP-PES4CHD" failures="0" tests="3" name="Default test" time="0.1" errors="0" timestamp="2022-11-09T10:25:30 IST">
  <testcase classname="com.products.Products" name="createProduct" time="0.008"/>
  <testcase classname="com.products.Products" name="deleteProduct" time="0.002"/>
  <testcase classname="com.products.Products" name="modifyProduct" time="0.01"/>
</testsuite> <!-- Default test -->
