<?xml version="1.0" encoding="UTF-8"?>
<!-- Generated by org.testng.reporters.JUnitXMLReporter -->
<testsuite ignored="0" hostname="DESKTOP-PES4CHD" failures="0" tests="6" name="Test cases" time="0.095" errors="0" timestamp="2022-11-09T10:30:29 IST">
  <testcase classname="com.users.Users" name="createUser" time="0.006"/>
  <testcase classname="com.users.Users" name="deleteUser" time="0.004"/>
  <testcase classname="com.users.Users" name="modifyUser" time="0.005"/>
  <testcase classname="com.products.Products" name="createProduct" time="0.004"/>
  <testcase classname="com.products.Products" name="deleteProduct" time="0.001"/>
  <testcase classname="com.products.Products" name="modifyProduct" time="0.002"/>
</testsuite> <!-- Test cases -->
